{"numFailedTestSuites":4,"numFailedTests":0,"numPassedTestSuites":0,"numPassedTests":0,"numPendingTestSuites":0,"numPendingTests":0,"numRuntimeErrorTestSuites":4,"numTodoTests":0,"numTotalTestSuites":4,"numTotalTests":0,"openHandles":[],"snapshot":{"added":0,"didUpdate":false,"failure":false,"filesAdded":0,"filesRemoved":0,"filesRemovedList":[],"filesUnmatched":0,"filesUpdated":0,"matched":0,"total":0,"unchecked":0,"uncheckedKeysByFile":[],"unmatched":0,"updated":0},"startTime":1773683860123,"success":false,"testResults":[{"assertionResults":[],"coverage":{},"endTime":1773683863028,"message":"  ● Test suite failed to run\n\n    \u001b[96msrc/services/token.ts\u001b[0m:\u001b[93m17\u001b[0m:\u001b[93m14\u001b[0m - \u001b[91merror\u001b[0m\u001b[90m TS2769: \u001b[0mNo overload matches this call.\n      Overload 1 of 5, '(payload: string | object | Buffer<ArrayBufferLike>, secretOrPrivateKey: null, options?: (SignOptions & { algorithm: \"none\"; }) | undefined): string', gave the following error.\n        Argument of type 'string' is not assignable to parameter of type 'null'.\n      Overload 2 of 5, '(payload: string | object | Buffer<ArrayBufferLike>, secretOrPrivateKey: Buffer<ArrayBufferLike> | Secret | PrivateKeyInput | JsonWebKeyInput, options?: SignOptions | undefined): string', gave the following error.\n        Type 'string' is not assignable to type 'number | StringValue | undefined'.\n      Overload 3 of 5, '(payload: string | object | Buffer<ArrayBufferLike>, secretOrPrivateKey: Buffer<ArrayBufferLike> | Secret | PrivateKeyInput | JsonWebKeyInput, callback: SignCallback): void', gave the following error.\n        Object literal may only specify known properties, and 'algorithm' does not exist in type 'SignCallback'.\n\n    \u001b[7m17\u001b[0m   return jwt.sign(\n    \u001b[7m  \u001b[0m \u001b[91m             ~~~~\u001b[0m\n","name":"/workspace/repo/tests/items.test.ts","startTime":1773683863028,"status":"failed","summary":""},{"assertionResults":[],"coverage":{},"endTime":1773683863028,"message":"  ● Test suite failed to run\n\n    \u001b[96msrc/services/token.ts\u001b[0m:\u001b[93m17\u001b[0m:\u001b[93m14\u001b[0m - \u001b[91merror\u001b[0m\u001b[90m TS2769: \u001b[0mNo overload matches this call.\n      Overload 1 of 5, '(payload: string | object | Buffer<ArrayBufferLike>, secretOrPrivateKey: null, options?: (SignOptions & { algorithm: \"none\"; }) | undefined): string', gave the following error.\n        Argument of type 'string' is not assignable to parameter of type 'null'.\n      Overload 2 of 5, '(payload: string | object | Buffer<ArrayBufferLike>, secretOrPrivateKey: Buffer<ArrayBufferLike> | Secret | PrivateKeyInput | JsonWebKeyInput, options?: SignOptions | undefined): string', gave the following error.\n        Type 'string' is not assignable to type 'number | StringValue | undefined'.\n      Overload 3 of 5, '(payload: string | object | Buffer<ArrayBufferLike>, secretOrPrivateKey: Buffer<ArrayBufferLike> | Secret | PrivateKeyInput | JsonWebKeyInput, callback: SignCallback): void', gave the following error.\n        Object literal may only specify known properties, and 'algorithm' does not exist in type 'SignCallback'.\n\n    \u001b[7m17\u001b[0m   return jwt.sign(\n    \u001b[7m  \u001b[0m \u001b[91m             ~~~~\u001b[0m\n","name":"/workspace/repo/tests/users.test.ts","startTime":1773683863028,"status":"failed","summary":""},{"assertionResults":[],"coverage":{},"endTime":1773683863028,"message":"  ● Test suite failed to run\n\n    \u001b[96msrc/services/token.ts\u001b[0m:\u001b[93m17\u001b[0m:\u001b[93m14\u001b[0m - \u001b[91merror\u001b[0m\u001b[90m TS2769: \u001b[0mNo overload matches this call.\n      Overload 1 of 5, '(payload: string | object | Buffer<ArrayBufferLike>, secretOrPrivateKey: null, options?: (SignOptions & { algorithm: \"none\"; }) | undefined): string', gave the following error.\n        Argument of type 'string' is not assignable to parameter of type 'null'.\n      Overload 2 of 5, '(payload: string | object | Buffer<ArrayBufferLike>, secretOrPrivateKey: Buffer<ArrayBufferLike> | Secret | PrivateKeyInput | JsonWebKeyInput, options?: SignOptions | undefined): string', gave the following error.\n        Type 'string' is not assignable to type 'number | StringValue | undefined'.\n      Overload 3 of 5, '(payload: string | object | Buffer<ArrayBufferLike>, secretOrPrivateKey: Buffer<ArrayBufferLike> | Secret | PrivateKeyInput | JsonWebKeyInput, callback: SignCallback): void', gave the following error.\n        Object literal may only specify known properties, and 'algorithm' does not exist in type 'SignCallback'.\n\n    \u001b[7m17\u001b[0m   return jwt.sign(\n    \u001b[7m  \u001b[0m \u001b[91m             ~~~~\u001b[0m\n","name":"/workspace/repo/tests/rate.test.ts","startTime":1773683863028,"status":"failed","summary":""},{"assertionResults":[],"coverage":{},"endTime":1773683863028,"message":"  ● Test suite failed to run\n\n    \u001b[96msrc/services/token.ts\u001b[0m:\u001b[93m17\u001b[0m:\u001b[93m14\u001b[0m - \u001b[91merror\u001b[0m\u001b[90m TS2769: \u001b[0mNo overload matches this call.\n      Overload 1 of 5, '(payload: string | object | Buffer<ArrayBufferLike>, secretOrPrivateKey: null, options?: (SignOptions & { algorithm: \"none\"; }) | undefined): string', gave the following error.\n        Argument of type 'string' is not assignable to parameter of type 'null'.\n      Overload 2 of 5, '(payload: string | object | Buffer<ArrayBufferLike>, secretOrPrivateKey: Buffer<ArrayBufferLike> | Secret | PrivateKeyInput | JsonWebKeyInput, options?: SignOptions | undefined): string', gave the following error.\n        Type 'string' is not assignable to type 'number | StringValue | undefined'.\n      Overload 3 of 5, '(payload: string | object | Buffer<ArrayBufferLike>, secretOrPrivateKey: Buffer<ArrayBufferLike> | Secret | PrivateKeyInput | JsonWebKeyInput, callback: SignCallback): void', gave the following error.\n        Object literal may only specify known properties, and 'algorithm' does not exist in type 'SignCallback'.\n\n    \u001b[7m17\u001b[0m   return jwt.sign(\n    \u001b[7m  \u001b[0m \u001b[91m             ~~~~\u001b[0m\n","name":"/workspace/repo/tests/auth.test.ts","startTime":1773683863028,"status":"failed","summary":""}],"wasInterrupted":false,"coverageMap":{"/workspace/repo/src/lib/prisma.ts":{"path":"/workspace/repo/src/lib/prisma.ts","statementMap":{"0":{"start":{"line":1,"column":0},"end":{"line":1,"column":46}},"1":{"start":{"line":3,"column":15},"end":{"line":3,"column":33}},"2":{"start":{"line":5,"column":0},"end":{"line":5,"column":22}}},"fnMap":{},"branchMap":{},"s":{"0":0,"1":0,"2":0},"f":{},"b":{}},"/workspace/repo/src/lib/redis.ts":{"path":"/workspace/repo/src/lib/redis.ts","statementMap":{"0":{"start":{"line":1,"column":0},"end":{"line":1,"column":37}},"1":{"start":{"line":3,"column":17},"end":{"line":3,"column":66}},"2":{"start":{"line":5,"column":14},"end":{"line":5,"column":45}},"3":{"start":{"line":7,"column":0},"end":{"line":10,"column":3}},"4":{"start":{"line":9,"column":2},"end":{"line":9,"column":43}},"5":{"start":{"line":12,"column":0},"end":{"line":12,"column":16}},"6":{"start":{"line":14,"column":0},"end":{"line":14,"column":21}}},"fnMap":{"0":{"name":"(anonymous_0)","decl":{"start":{"line":7,"column":18},"end":{"line":7,"column":19}},"loc":{"start":{"line":7,"column":26},"end":{"line":10,"column":1}}}},"branchMap":{"0":{"loc":{"start":{"line":3,"column":17},"end":{"line":3,"column":66}},"type":"binary-expr","locations":[{"start":{"line":3,"column":17},"end":{"line":3,"column":38}},{"start":{"line":3,"column":42},"end":{"line":3,"column":66}}]}},"s":{"0":0,"1":0,"2":0,"3":0,"4":0,"5":0,"6":0},"f":{"0":0},"b":{"0":[0,0]}},"/workspace/repo/src/middleware/auth.ts":{"path":"/workspace/repo/src/middleware/auth.ts","statementMap":{"0":{"start":{"line":8,"column":0},"end":{"line":8,"column":16}},"1":{"start":{"line":2,"column":0},"end":{"line":2,"column":54}},"2":{"start":{"line":9,"column":21},"end":{"line":9,"column":49}},"3":{"start":{"line":10,"column":2},"end":{"line":12,"column":3}},"4":{"start":{"line":11,"column":4},"end":{"line":11,"column":86}},"5":{"start":{"line":13,"column":16},"end":{"line":13,"column":40}},"6":{"start":{"line":14,"column":2},"end":{"line":20,"column":3}},"7":{"start":{"line":15,"column":20},"end":{"line":15,"column":44}},"8":{"start":{"line":16,"column":4},"end":{"line":16,"column":57}},"9":{"start":{"line":17,"column":4},"end":{"line":17,"column":11}},"10":{"start":{"line":19,"column":4},"end":{"line":19,"column":71}}},"fnMap":{"0":{"name":"authenticateJWT","decl":{"start":{"line":8,"column":16},"end":{"line":8,"column":31}},"loc":{"start":{"line":8,"column":83},"end":{"line":21,"column":1}}}},"branchMap":{"0":{"loc":{"start":{"line":10,"column":2},"end":{"line":12,"column":3}},"type":"if","locations":[{"start":{"line":10,"column":2},"end":{"line":12,"column":3}}]},"1":{"loc":{"start":{"line":10,"column":6},"end":{"line":10,"column":54}},"type":"binary-expr","locations":[{"start":{"line":10,"column":6},"end":{"line":10,"column":17}},{"start":{"line":10,"column":21},"end":{"line":10,"column":54}}]}},"s":{"0":0,"1":0,"2":0,"3":0,"4":0,"5":0,"6":0,"7":0,"8":0,"9":0,"10":0},"f":{"0":0},"b":{"0":[0],"1":[0,0]}},"/workspace/repo/src/middleware/rate.ts":{"path":"/workspace/repo/src/middleware/rate.ts","statementMap":{"0":{"start":{"line":9,"column":0},"end":{"line":9,"column":7}},"1":{"start":{"line":20,"column":0},"end":{"line":20,"column":7}},"2":{"start":{"line":2,"column":0},"end":{"line":2,"column":33}},"3":{"start":{"line":4,"column":20},"end":{"line":4,"column":72}},"4":{"start":{"line":5,"column":21},"end":{"line":5,"column":80}},"5":{"start":{"line":6,"column":18},"end":{"line":6,"column":69}},"6":{"start":{"line":7,"column":19},"end":{"line":7,"column":77}},"7":{"start":{"line":10,"column":13},"end":{"line":10,"column":19}},"8":{"start":{"line":11,"column":14},"end":{"line":11,"column":29}},"9":{"start":{"line":12,"column":16},"end":{"line":12,"column":37}},"10":{"start":{"line":13,"column":2},"end":{"line":13,"column":57}},"11":{"start":{"line":13,"column":19},"end":{"line":13,"column":57}},"12":{"start":{"line":14,"column":2},"end":{"line":16,"column":3}},"13":{"start":{"line":15,"column":4},"end":{"line":15,"column":73}},"14":{"start":{"line":17,"column":2},"end":{"line":17,"column":9}},"15":{"start":{"line":23,"column":17},"end":{"line":23,"column":29}},"16":{"start":{"line":24,"column":2},"end":{"line":24,"column":29}},"17":{"start":{"line":24,"column":15},"end":{"line":24,"column":29}},"18":{"start":{"line":25,"column":14},"end":{"line":25,"column":35}},"19":{"start":{"line":26,"column":16},"end":{"line":26,"column":37}},"20":{"start":{"line":27,"column":2},"end":{"line":27,"column":55}},"21":{"start":{"line":27,"column":19},"end":{"line":27,"column":55}},"22":{"start":{"line":28,"column":2},"end":{"line":30,"column":3}},"23":{"start":{"line":29,"column":4},"end":{"line":29,"column":71}},"24":{"start":{"line":31,"column":2},"end":{"line":31,"column":9}}},"fnMap":{"0":{"name":"globalRateLimit","decl":{"start":{"line":9,"column":22},"end":{"line":9,"column":37}},"loc":{"start":{"line":9,"column":85},"end":{"line":18,"column":1}}},"1":{"name":"userRateLimit","decl":{"start":{"line":20,"column":22},"end":{"line":20,"column":35}},"loc":{"start":{"line":20,"column":83},"end":{"line":32,"column":1}}}},"branchMap":{"0":{"loc":{"start":{"line":4,"column":29},"end":{"line":4,"column":67}},"type":"binary-expr","locations":[{"start":{"line":4,"column":29},"end":{"line":4,"column":58}},{"start":{"line":4,"column":62},"end":{"line":4,"column":67}}]},"1":{"loc":{"start":{"line":5,"column":30},"end":{"line":5,"column":75}},"type":"binary-expr","locations":[{"start":{"line":5,"column":30},"end":{"line":5,"column":66}},{"start":{"line":5,"column":70},"end":{"line":5,"column":75}}]},"2":{"loc":{"start":{"line":6,"column":27},"end":{"line":6,"column":64}},"type":"binary-expr","locations":[{"start":{"line":6,"column":27},"end":{"line":6,"column":54}},{"start":{"line":6,"column":58},"end":{"line":6,"column":64}}]},"3":{"loc":{"start":{"line":7,"column":28},"end":{"line":7,"column":72}},"type":"binary-expr","locations":[{"start":{"line":7,"column":28},"end":{"line":7,"column":62}},{"start":{"line":7,"column":66},"end":{"line":7,"column":72}}]},"4":{"loc":{"start":{"line":13,"column":2},"end":{"line":13,"column":57}},"type":"if","locations":[{"start":{"line":13,"column":2},"end":{"line":13,"column":57}}]},"5":{"loc":{"start":{"line":14,"column":2},"end":{"line":16,"column":3}},"type":"if","locations":[{"start":{"line":14,"column":2},"end":{"line":16,"column":3}}]},"6":{"loc":{"start":{"line":24,"column":2},"end":{"line":24,"column":29}},"type":"if","locations":[{"start":{"line":24,"column":2},"end":{"line":24,"column":29}}]},"7":{"loc":{"start":{"line":27,"column":2},"end":{"line":27,"column":55}},"type":"if","locations":[{"start":{"line":27,"column":2},"end":{"line":27,"column":55}}]},"8":{"loc":{"start":{"line":28,"column":2},"end":{"line":30,"column":3}},"type":"if","locations":[{"start":{"line":28,"column":2},"end":{"line":30,"column":3}}]}},"s":{"0":0,"1":0,"2":0,"3":0,"4":0,"5":0,"6":0,"7":0,"8":0,"9":0,"10":0,"11":0,"12":0,"13":0,"14":0,"15":0,"16":0,"17":0,"18":0,"19":0,"20":0,"21":0,"22":0,"23":0,"24":0},"f":{"0":0,"1":0},"b":{"0":[0,0],"1":[0,0],"2":[0,0],"3":[0,0],"4":[0],"5":[0],"6":[0],"7":[0],"8":[0]}},"/workspace/repo/src/routes/auth.ts":{"path":"/workspace/repo/src/routes/auth.ts","statementMap":{"0":{"start":{"line":1,"column":0},"end":{"line":1,"column":30}},"1":{"start":{"line":2,"column":0},"end":{"line":2,"column":24}},"2":{"start":{"line":3,"column":0},"end":{"line":3,"column":79}},"3":{"start":{"line":4,"column":0},"end":{"line":4,"column":112}},"4":{"start":{"line":6,"column":15},"end":{"line":6,"column":31}},"5":{"start":{"line":8,"column":23},"end":{"line":11,"column":2}},"6":{"start":{"line":13,"column":20},"end":{"line":16,"column":2}},"7":{"start":{"line":18,"column":22},"end":{"line":20,"column":2}},"8":{"start":{"line":22,"column":0},"end":{"line":30,"column":3}},"9":{"start":{"line":23,"column":17},"end":{"line":23,"column":51}},"10":{"start":{"line":24,"column":2},"end":{"line":24,"column":83}},"11":{"start":{"line":24,"column":23},"end":{"line":24,"column":83}},"12":{"start":{"line":25,"column":30},"end":{"line":25,"column":41}},"13":{"start":{"line":26,"column":19},"end":{"line":26,"column":47}},"14":{"start":{"line":27,"column":2},"end":{"line":27,"column":83}},"15":{"start":{"line":27,"column":16},"end":{"line":27,"column":83}},"16":{"start":{"line":28,"column":15},"end":{"line":28,"column":48}},"17":{"start":{"line":29,"column":2},"end":{"line":29,"column":36}},"18":{"start":{"line":32,"column":0},"end":{"line":43,"column":3}},"19":{"start":{"line":33,"column":17},"end":{"line":33,"column":48}},"20":{"start":{"line":34,"column":2},"end":{"line":34,"column":83}},"21":{"start":{"line":34,"column":23},"end":{"line":34,"column":83}},"22":{"start":{"line":35,"column":30},"end":{"line":35,"column":41}},"23":{"start":{"line":36,"column":15},"end":{"line":36,"column":43}},"24":{"start":{"line":37,"column":2},"end":{"line":37,"column":75}},"25":{"start":{"line":37,"column":13},"end":{"line":37,"column":75}},"26":{"start":{"line":38,"column":16},"end":{"line":38,"column":65}},"27":{"start":{"line":39,"column":2},"end":{"line":39,"column":76}},"28":{"start":{"line":39,"column":14},"end":{"line":39,"column":76}},"29":{"start":{"line":40,"column":22},"end":{"line":40,"column":73}},"30":{"start":{"line":41,"column":23},"end":{"line":41,"column":56}},"31":{"start":{"line":42,"column":2},"end":{"line":42,"column":61}},"32":{"start":{"line":45,"column":0},"end":{"line":57,"column":3}},"33":{"start":{"line":46,"column":17},"end":{"line":46,"column":50}},"34":{"start":{"line":47,"column":2},"end":{"line":47,"column":83}},"35":{"start":{"line":47,"column":23},"end":{"line":47,"column":83}},"36":{"start":{"line":48,"column":2},"end":{"line":56,"column":3}},"37":{"start":{"line":49,"column":18},"end":{"line":49,"column":68}},"38":{"start":{"line":50,"column":17},"end":{"line":50,"column":52}},"39":{"start":{"line":51,"column":4},"end":{"line":51,"column":79}},"40":{"start":{"line":51,"column":15},"end":{"line":51,"column":79}},"41":{"start":{"line":52,"column":24},"end":{"line":52,"column":75}},"42":{"start":{"line":53,"column":4},"end":{"line":53,"column":49}},"43":{"start":{"line":55,"column":4},"end":{"line":55,"column":79}},"44":{"start":{"line":59,"column":0},"end":{"line":64,"column":3}},"45":{"start":{"line":60,"column":17},"end":{"line":60,"column":50}},"46":{"start":{"line":61,"column":2},"end":{"line":61,"column":83}},"47":{"start":{"line":61,"column":23},"end":{"line":61,"column":83}},"48":{"start":{"line":62,"column":2},"end":{"line":62,"column":53}},"49":{"start":{"line":63,"column":2},"end":{"line":63,"column":32}},"50":{"start":{"line":66,"column":0},"end":{"line":66,"column":22}}},"fnMap":{"0":{"name":"(anonymous_1)","decl":{"start":{"line":22,"column":25},"end":{"line":22,"column":30}},"loc":{"start":{"line":22,"column":44},"end":{"line":30,"column":1}}},"1":{"name":"(anonymous_2)","decl":{"start":{"line":32,"column":22},"end":{"line":32,"column":27}},"loc":{"start":{"line":32,"column":41},"end":{"line":43,"column":1}}},"2":{"name":"(anonymous_3)","decl":{"start":{"line":45,"column":24},"end":{"line":45,"column":29}},"loc":{"start":{"line":45,"column":43},"end":{"line":57,"column":1}}},"3":{"name":"(anonymous_4)","decl":{"start":{"line":59,"column":23},"end":{"line":59,"column":28}},"loc":{"start":{"line":59,"column":42},"end":{"line":64,"column":1}}}},"branchMap":{"0":{"loc":{"start":{"line":24,"column":2},"end":{"line":24,"column":83}},"type":"if","locations":[{"start":{"line":24,"column":2},"end":{"line":24,"column":83}}]},"1":{"loc":{"start":{"line":27,"column":2},"end":{"line":27,"column":83}},"type":"if","locations":[{"start":{"line":27,"column":2},"end":{"line":27,"column":83}}]},"2":{"loc":{"start":{"line":34,"column":2},"end":{"line":34,"column":83}},"type":"if","locations":[{"start":{"line":34,"column":2},"end":{"line":34,"column":83}}]},"3":{"loc":{"start":{"line":37,"column":2},"end":{"line":37,"column":75}},"type":"if","locations":[{"start":{"line":37,"column":2},"end":{"line":37,"column":75}}]},"4":{"loc":{"start":{"line":39,"column":2},"end":{"line":39,"column":76}},"type":"if","locations":[{"start":{"line":39,"column":2},"end":{"line":39,"column":76}}]},"5":{"loc":{"start":{"line":47,"column":2},"end":{"line":47,"column":83}},"type":"if","locations":[{"start":{"line":47,"column":2},"end":{"line":47,"column":83}}]},"6":{"loc":{"start":{"line":51,"column":4},"end":{"line":51,"column":79}},"type":"if","locations":[{"start":{"line":51,"column":4},"end":{"line":51,"column":79}}]},"7":{"loc":{"start":{"line":61,"column":2},"end":{"line":61,"column":83}},"type":"if","locations":[{"start":{"line":61,"column":2},"end":{"line":61,"column":83}}]}},"s":{"0":0,"1":0,"2":0,"3":0,"4":0,"5":0,"6":0,"7":0,"8":0,"9":0,"10":0,"11":0,"12":0,"13":0,"14":0,"15":0,"16":0,"17":0,"18":0,"19":0,"20":0,"21":0,"22":0,"23":0,"24":0,"25":0,"26":0,"27":0,"28":0,"29":0,"30":0,"31":0,"32":0,"33":0,"34":0,"35":0,"36":0,"37":0,"38":0,"39":0,"40":0,"41":0,"42":0,"43":0,"44":0,"45":0,"46":0,"47":0,"48":0,"49":0,"50":0},"f":{"0":0,"1":0,"2":0,"3":0},"b":{"0":[0],"1":[0],"2":[0],"3":[0],"4":[0],"5":[0],"6":[0],"7":[0]}},"/workspace/repo/src/routes/items.ts":{"path":"/workspace/repo/src/routes/items.ts","statementMap":{"0":{"start":{"line":1,"column":0},"end":{"line":1,"column":30}},"1":{"start":{"line":2,"column":0},"end":{"line":2,"column":24}},"2":{"start":{"line":3,"column":0},"end":{"line":3,"column":66}},"3":{"start":{"line":4,"column":0},"end":{"line":4,"column":93}},"4":{"start":{"line":6,"column":15},"end":{"line":6,"column":31}},"5":{"start":{"line":8,"column":25},"end":{"line":11,"column":2}},"6":{"start":{"line":13,"column":25},"end":{"line":16,"column":2}},"7":{"start":{"line":18,"column":0},"end":{"line":23,"column":3}},"8":{"start":{"line":19,"column":17},"end":{"line":19,"column":53}},"9":{"start":{"line":20,"column":2},"end":{"line":20,"column":83}},"10":{"start":{"line":20,"column":23},"end":{"line":20,"column":83}},"11":{"start":{"line":21,"column":15},"end":{"line":21,"column":88}},"12":{"start":{"line":22,"column":2},"end":{"line":22,"column":36}},"13":{"start":{"line":25,"column":0},"end":{"line":28,"column":3}},"14":{"start":{"line":26,"column":16},"end":{"line":26,"column":44}},"15":{"start":{"line":27,"column":2},"end":{"line":27,"column":37}},"16":{"start":{"line":30,"column":0},"end":{"line":34,"column":3}},"17":{"start":{"line":31,"column":15},"end":{"line":31,"column":61}},"18":{"start":{"line":32,"column":2},"end":{"line":32,"column":70}},"19":{"start":{"line":32,"column":13},"end":{"line":32,"column":70}},"20":{"start":{"line":33,"column":2},"end":{"line":33,"column":36}},"21":{"start":{"line":36,"column":0},"end":{"line":43,"column":3}},"22":{"start":{"line":37,"column":17},"end":{"line":37,"column":53}},"23":{"start":{"line":38,"column":2},"end":{"line":38,"column":83}},"24":{"start":{"line":38,"column":23},"end":{"line":38,"column":83}},"25":{"start":{"line":39,"column":18},"end":{"line":39,"column":76}},"26":{"start":{"line":40,"column":2},"end":{"line":40,"column":84}},"27":{"start":{"line":40,"column":27},"end":{"line":40,"column":84}},"28":{"start":{"line":41,"column":15},"end":{"line":41,"column":61}},"29":{"start":{"line":42,"column":2},"end":{"line":42,"column":36}},"30":{"start":{"line":45,"column":0},"end":{"line":49,"column":3}},"31":{"start":{"line":46,"column":18},"end":{"line":46,"column":63}},"32":{"start":{"line":47,"column":2},"end":{"line":47,"column":84}},"33":{"start":{"line":47,"column":27},"end":{"line":47,"column":84}},"34":{"start":{"line":48,"column":2},"end":{"line":48,"column":32}},"35":{"start":{"line":51,"column":0},"end":{"line":51,"column":22}}},"fnMap":{"0":{"name":"(anonymous_1)","decl":{"start":{"line":18,"column":34},"end":{"line":18,"column":39}},"loc":{"start":{"line":18,"column":66},"end":{"line":23,"column":1}}},"1":{"name":"(anonymous_2)","decl":{"start":{"line":25,"column":33},"end":{"line":25,"column":38}},"loc":{"start":{"line":25,"column":65},"end":{"line":28,"column":1}}},"2":{"name":"(anonymous_3)","decl":{"start":{"line":30,"column":36},"end":{"line":30,"column":41}},"loc":{"start":{"line":30,"column":68},"end":{"line":34,"column":1}}},"3":{"name":"(anonymous_4)","decl":{"start":{"line":36,"column":36},"end":{"line":36,"column":41}},"loc":{"start":{"line":36,"column":68},"end":{"line":43,"column":1}}},"4":{"name":"(anonymous_5)","decl":{"start":{"line":45,"column":39},"end":{"line":45,"column":44}},"loc":{"start":{"line":45,"column":71},"end":{"line":49,"column":1}}}},"branchMap":{"0":{"loc":{"start":{"line":20,"column":2},"end":{"line":20,"column":83}},"type":"if","locations":[{"start":{"line":20,"column":2},"end":{"line":20,"column":83}}]},"1":{"loc":{"start":{"line":32,"column":2},"end":{"line":32,"column":70}},"type":"if","locations":[{"start":{"line":32,"column":2},"end":{"line":32,"column":70}}]},"2":{"loc":{"start":{"line":38,"column":2},"end":{"line":38,"column":83}},"type":"if","locations":[{"start":{"line":38,"column":2},"end":{"line":38,"column":83}}]},"3":{"loc":{"start":{"line":40,"column":2},"end":{"line":40,"column":84}},"type":"if","locations":[{"start":{"line":40,"column":2},"end":{"line":40,"column":84}}]},"4":{"loc":{"start":{"line":47,"column":2},"end":{"line":47,"column":84}},"type":"if","locations":[{"start":{"line":47,"column":2},"end":{"line":47,"column":84}}]}},"s":{"0":0,"1":0,"2":0,"3":0,"4":0,"5":0,"6":0,"7":0,"8":0,"9":0,"10":0,"11":0,"12":0,"13":0,"14":0,"15":0,"16":0,"17":0,"18":0,"19":0,"20":0,"21":0,"22":0,"23":0,"24":0,"25":0,"26":0,"27":0,"28":0,"29":0,"30":0,"31":0,"32":0,"33":0,"34":0,"35":0},"f":{"0":0,"1":0,"2":0,"3":0,"4":0},"b":{"0":[0],"1":[0],"2":[0],"3":[0],"4":[0]}},"/workspace/repo/src/routes/users.ts":{"path":"/workspace/repo/src/routes/users.ts","statementMap":{"0":{"start":{"line":1,"column":0},"end":{"line":1,"column":30}},"1":{"start":{"line":2,"column":0},"end":{"line":2,"column":66}},"2":{"start":{"line":3,"column":0},"end":{"line":3,"column":48}},"3":{"start":{"line":5,"column":15},"end":{"line":5,"column":31}},"4":{"start":{"line":7,"column":0},"end":{"line":12,"column":3}},"5":{"start":{"line":8,"column":2},"end":{"line":8,"column":72}},"6":{"start":{"line":8,"column":17},"end":{"line":8,"column":72}},"7":{"start":{"line":9,"column":15},"end":{"line":9,"column":46}},"8":{"start":{"line":10,"column":2},"end":{"line":10,"column":70}},"9":{"start":{"line":10,"column":13},"end":{"line":10,"column":70}},"10":{"start":{"line":11,"column":2},"end":{"line":11,"column":93}},"11":{"start":{"line":14,"column":0},"end":{"line":14,"column":22}}},"fnMap":{"0":{"name":"(anonymous_1)","decl":{"start":{"line":7,"column":35},"end":{"line":7,"column":40}},"loc":{"start":{"line":7,"column":67},"end":{"line":12,"column":1}}}},"branchMap":{"0":{"loc":{"start":{"line":8,"column":2},"end":{"line":8,"column":72}},"type":"if","locations":[{"start":{"line":8,"column":2},"end":{"line":8,"column":72}}]},"1":{"loc":{"start":{"line":10,"column":2},"end":{"line":10,"column":70}},"type":"if","locations":[{"start":{"line":10,"column":2},"end":{"line":10,"column":70}}]}},"s":{"0":0,"1":0,"2":0,"3":0,"4":0,"5":0,"6":0,"7":0,"8":0,"9":0,"10":0,"11":0},"f":{"0":0},"b":{"0":[0],"1":[0]}},"/workspace/repo/src/services/item.ts":{"path":"/workspace/repo/src/services/item.ts","statementMap":{"0":{"start":{"line":3,"column":0},"end":{"line":3,"column":7}},"1":{"start":{"line":9,"column":0},"end":{"line":9,"column":7}},"2":{"start":{"line":13,"column":0},"end":{"line":13,"column":7}},"3":{"start":{"line":17,"column":0},"end":{"line":17,"column":7}},"4":{"start":{"line":24,"column":0},"end":{"line":24,"column":7}},"5":{"start":{"line":1,"column":0},"end":{"line":1,"column":35}},"6":{"start":{"line":4,"column":2},"end":{"line":6,"column":5}},"7":{"start":{"line":10,"column":2},"end":{"line":10,"column":54}},"8":{"start":{"line":14,"column":2},"end":{"line":14,"column":59}},"9":{"start":{"line":18,"column":2},"end":{"line":21,"column":5}},"10":{"start":{"line":25,"column":2},"end":{"line":25,"column":60}}},"fnMap":{"0":{"name":"createItem","decl":{"start":{"line":3,"column":22},"end":{"line":3,"column":32}},"loc":{"start":{"line":3,"column":84},"end":{"line":7,"column":1}}},"1":{"name":"getItems","decl":{"start":{"line":9,"column":22},"end":{"line":9,"column":30}},"loc":{"start":{"line":9,"column":46},"end":{"line":11,"column":1}}},"2":{"name":"getItemById","decl":{"start":{"line":13,"column":22},"end":{"line":13,"column":33}},"loc":{"start":{"line":13,"column":61},"end":{"line":15,"column":1}}},"3":{"name":"updateItem","decl":{"start":{"line":17,"column":22},"end":{"line":17,"column":32}},"loc":{"start":{"line":17,"column":107},"end":{"line":22,"column":1}}},"4":{"name":"deleteItem","decl":{"start":{"line":24,"column":22},"end":{"line":24,"column":32}},"loc":{"start":{"line":24,"column":60},"end":{"line":26,"column":1}}}},"branchMap":{},"s":{"0":0,"1":0,"2":0,"3":0,"4":0,"5":0,"6":0,"7":0,"8":0,"9":0,"10":0},"f":{"0":0,"1":0,"2":0,"3":0,"4":0},"b":{}},"/workspace/repo/src/services/user.ts":{"path":"/workspace/repo/src/services/user.ts","statementMap":{"0":{"start":{"line":6,"column":0},"end":{"line":6,"column":7}},"1":{"start":{"line":14,"column":0},"end":{"line":14,"column":7}},"2":{"start":{"line":18,"column":0},"end":{"line":18,"column":7}},"3":{"start":{"line":22,"column":0},"end":{"line":22,"column":7}},"4":{"start":{"line":1,"column":0},"end":{"line":1,"column":28}},"5":{"start":{"line":2,"column":0},"end":{"line":2,"column":35}},"6":{"start":{"line":4,"column":20},"end":{"line":4,"column":22}},"7":{"start":{"line":7,"column":23},"end":{"line":7,"column":63}},"8":{"start":{"line":8,"column":2},"end":{"line":11,"column":5}},"9":{"start":{"line":15,"column":2},"end":{"line":15,"column":54}},"10":{"start":{"line":19,"column":2},"end":{"line":19,"column":51}},"11":{"start":{"line":23,"column":2},"end":{"line":23,"column":40}}},"fnMap":{"0":{"name":"createUser","decl":{"start":{"line":6,"column":22},"end":{"line":6,"column":32}},"loc":{"start":{"line":6,"column":64},"end":{"line":12,"column":1}}},"1":{"name":"findUserByEmail","decl":{"start":{"line":14,"column":22},"end":{"line":14,"column":37}},"loc":{"start":{"line":14,"column":51},"end":{"line":16,"column":1}}},"2":{"name":"findUserById","decl":{"start":{"line":18,"column":22},"end":{"line":18,"column":34}},"loc":{"start":{"line":18,"column":45},"end":{"line":20,"column":1}}},"3":{"name":"verifyPassword","decl":{"start":{"line":22,"column":22},"end":{"line":22,"column":36}},"loc":{"start":{"line":22,"column":67},"end":{"line":24,"column":1}}}},"branchMap":{},"s":{"0":0,"1":0,"2":0,"3":0,"4":0,"5":0,"6":0,"7":0,"8":0,"9":0,"10":0,"11":0},"f":{"0":0,"1":0,"2":0,"3":0},"b":{}},"/workspace/repo/src/types/global.d.ts":{"path":"/workspace/repo/src/types/global.d.ts","statementMap":{},"fnMap":{},"branchMap":{},"s":{},"f":{},"b":{}},"/workspace/repo/src/types/prisma.d.ts":{"path":"/workspace/repo/src/types/prisma.d.ts","statementMap":{},"fnMap":{},"branchMap":{},"s":{},"f":{},"b":{}},"/workspace/repo/src/types/redis.d.ts":{"path":"/workspace/repo/src/types/redis.d.ts","statementMap":{},"fnMap":{},"branchMap":{},"s":{},"f":{},"b":{}},"/workspace/repo/src/types/jest.d.ts":{"path":"/workspace/repo/src/types/jest.d.ts","statementMap":{},"fnMap":{},"branchMap":{},"s":{},"f":{},"b":{}},"/workspace/repo/src/types/zod.d.ts":{"path":"/workspace/repo/src/types/zod.d.ts","statementMap":{},"fnMap":{},"branchMap":{},"s":{},"f":{},"b":{}},"/workspace/repo/src/types/supertest.d.ts":{"path":"/workspace/repo/src/types/supertest.d.ts","statementMap":{},"fnMap":{},"branchMap":{},"s":{},"f":{},"b":{}},"/workspace/repo/src/types/express/index.d.ts":{"path":"/workspace/repo/src/types/express/index.d.ts","statementMap":{},"fnMap":{},"branchMap":{},"s":{},"f":{},"b":{}},"/workspace/repo/src/index.ts":{"path":"/workspace/repo/src/index.ts","statementMap":{"0":{"start":{"line":1,"column":0},"end":{"line":1,"column":30}},"1":{"start":{"line":2,"column":0},"end":{"line":2,"column":24}},"2":{"start":{"line":3,"column":0},"end":{"line":3,"column":28}},"3":{"start":{"line":4,"column":0},"end":{"line":4,"column":28}},"4":{"start":{"line":5,"column":0},"end":{"line":5,"column":28}},"5":{"start":{"line":6,"column":0},"end":{"line":6,"column":39}},"6":{"start":{"line":7,"column":0},"end":{"line":7,"column":40}},"7":{"start":{"line":8,"column":0},"end":{"line":8,"column":40}},"8":{"start":{"line":9,"column":0},"end":{"line":9,"column":67}},"9":{"start":{"line":10,"column":0},"end":{"line":10,"column":39}},"10":{"start":{"line":13,"column":0},"end":{"line":13,"column":16}},"11":{"start":{"line":15,"column":12},"end":{"line":15,"column":21}},"12":{"start":{"line":17,"column":0},"end":{"line":17,"column":18}},"13":{"start":{"line":18,"column":0},"end":{"line":18,"column":16}},"14":{"start":{"line":19,"column":0},"end":{"line":19,"column":24}},"15":{"start":{"line":20,"column":0},"end":{"line":20,"column":23}},"16":{"start":{"line":23,"column":0},"end":{"line":23,"column":25}},"17":{"start":{"line":24,"column":0},"end":{"line":24,"column":23}},"18":{"start":{"line":27,"column":0},"end":{"line":27,"column":21}},"19":{"start":{"line":30,"column":0},"end":{"line":30,"column":29}},"20":{"start":{"line":31,"column":0},"end":{"line":31,"column":30}},"21":{"start":{"line":32,"column":0},"end":{"line":32,"column":30}},"22":{"start":{"line":35,"column":0},"end":{"line":39,"column":3}},"23":{"start":{"line":37,"column":2},"end":{"line":37,"column":21}},"24":{"start":{"line":38,"column":2},"end":{"line":38,"column":59}},"25":{"start":{"line":41,"column":13},"end":{"line":41,"column":37}},"26":{"start":{"line":42,"column":0},"end":{"line":45,"column":3}},"27":{"start":{"line":44,"column":2},"end":{"line":44,"column":54}},"28":{"start":{"line":47,"column":0},"end":{"line":47,"column":19}}},"fnMap":{"0":{"name":"(anonymous_1)","decl":{"start":{"line":35,"column":8},"end":{"line":35,"column":9}},"loc":{"start":{"line":35,"column":94},"end":{"line":39,"column":1}}},"1":{"name":"(anonymous_2)","decl":{"start":{"line":42,"column":17},"end":{"line":42,"column":20}},"loc":{"start":{"line":42,"column":22},"end":{"line":45,"column":1}}}},"branchMap":{"0":{"loc":{"start":{"line":41,"column":13},"end":{"line":41,"column":37}},"type":"binary-expr","locations":[{"start":{"line":41,"column":13},"end":{"line":41,"column":29}},{"start":{"line":41,"column":33},"end":{"line":41,"column":37}}]}},"s":{"0":0,"1":0,"2":0,"3":0,"4":0,"5":0,"6":0,"7":0,"8":0,"9":0,"10":0,"11":0,"12":0,"13":0,"14":0,"15":0,"16":0,"17":0,"18":0,"19":0,"20":0,"21":0,"22":0,"23":0,"24":0,"25":0,"26":0,"27":0,"28":0},"f":{"0":0,"1":0},"b":{"0":[0,0]}},"/workspace/repo/src/app/health.ts":{"path":"/workspace/repo/src/app/health.ts","statementMap":{"0":{"start":{"line":1,"column":0},"end":{"line":1,"column":30}},"1":{"start":{"line":3,"column":15},"end":{"line":3,"column":31}},"2":{"start":{"line":5,"column":0},"end":{"line":7,"column":3}},"3":{"start":{"line":6,"column":2},"end":{"line":6,"column":41}},"4":{"start":{"line":9,"column":0},"end":{"line":9,"column":22}}},"fnMap":{"0":{"name":"(anonymous_1)","decl":{"start":{"line":5,"column":22},"end":{"line":5,"column":23}},"loc":{"start":{"line":5,"column":35},"end":{"line":7,"column":1}}}},"branchMap":{},"s":{"0":0,"1":0,"2":0,"3":0,"4":0},"f":{"0":0},"b":{}}}}
